{"/Users/angela/Dev/random-phone-number-generator/src/components/Generate.vue": {"path":"/Users/angela/Dev/random-phone-number-generator/src/components/Generate.vue","statementMap":{"0":{"start":{"line":51,"column":0},"end":{"line":null,"column":-1}},"1":{"start":{"line":55,"column":0},"end":{"line":null,"column":-1}},"2":{"start":{"line":64,"column":0},"end":{"line":null,"column":-1}},"3":{"start":{"line":68,"column":0},"end":{"line":null,"column":-1}},"4":{"start":{"line":69,"column":0},"end":{"line":null,"column":-1}},"5":{"start":{"line":70,"column":0},"end":{"line":null,"column":-1}},"6":{"start":{"line":71,"column":0},"end":{"line":74,"column":0}},"7":{"start":{"line":72,"column":0},"end":{"line":null,"column":-1}},"8":{"start":{"line":73,"column":0},"end":{"line":null,"column":-1}},"9":{"start":{"line":75,"column":0},"end":{"line":81,"column":0}},"10":{"start":{"line":76,"column":0},"end":{"line":null,"column":-1}},"11":{"start":{"line":79,"column":0},"end":{"line":null,"column":-1}},"12":{"start":{"line":80,"column":0},"end":{"line":null,"column":-1}},"13":{"start":{"line":82,"column":0},"end":{"line":null,"column":-1}},"14":{"start":{"line":83,"column":0},"end":{"line":null,"column":-1}},"15":{"start":{"line":84,"column":0},"end":{"line":86,"column":0}},"16":{"start":{"line":85,"column":0},"end":{"line":null,"column":-1}},"17":{"start":{"line":89,"column":0},"end":{"line":91,"column":0}},"18":{"start":{"line":90,"column":0},"end":{"line":null,"column":-1}},"19":{"start":{"line":92,"column":0},"end":{"line":94,"column":0}},"20":{"start":{"line":93,"column":0},"end":{"line":null,"column":-1}},"21":{"start":{"line":99,"column":0},"end":{"line":101,"column":0}},"22":{"start":{"line":100,"column":0},"end":{"line":null,"column":-1}},"23":{"start":{"line":102,"column":0},"end":{"line":null,"column":-1}},"24":{"start":{"line":103,"column":0},"end":{"line":null,"column":-1}},"25":{"start":{"line":106,"column":0},"end":{"line":108,"column":0}},"26":{"start":{"line":107,"column":0},"end":{"line":null,"column":-1}},"27":{"start":{"line":109,"column":0},"end":{"line":null,"column":-1}},"28":{"start":{"line":110,"column":0},"end":{"line":null,"column":-1}}},"fnMap":{"0":{"name":"(anonymous_1)","decl":{"start":{"line":90,"column":0},"end":{"line":null,"column":-1}},"loc":{"start":{"line":90,"column":0},"end":{"line":null,"column":-1}}},"1":{"name":"(anonymous_2)","decl":{"start":{"line":93,"column":0},"end":{"line":null,"column":-1}},"loc":{"start":{"line":93,"column":0},"end":{"line":null,"column":-1}}}},"branchMap":{"0":{"loc":{"start":{"line":71,"column":0},"end":{"line":74,"column":0}},"type":"if","locations":[{"start":{"line":71,"column":0},"end":{"line":74,"column":0}},{"start":{"line":71,"column":0},"end":{"line":74,"column":0}}]},"1":{"loc":{"start":{"line":84,"column":0},"end":{"line":86,"column":0}},"type":"if","locations":[{"start":{"line":84,"column":0},"end":{"line":86,"column":0}},{"start":{"line":84,"column":0},"end":{"line":86,"column":0}}]},"2":{"loc":{"start":{"line":89,"column":0},"end":{"line":91,"column":0}},"type":"if","locations":[{"start":{"line":89,"column":0},"end":{"line":91,"column":0}},{"start":{"line":89,"column":0},"end":{"line":91,"column":0}}]},"3":{"loc":{"start":{"line":92,"column":0},"end":{"line":94,"column":0}},"type":"if","locations":[{"start":{"line":92,"column":0},"end":{"line":94,"column":0}},{"start":{"line":92,"column":0},"end":{"line":94,"column":0}}]},"4":{"loc":{"start":{"line":99,"column":0},"end":{"line":101,"column":0}},"type":"if","locations":[{"start":{"line":99,"column":0},"end":{"line":101,"column":0}},{"start":{"line":99,"column":0},"end":{"line":101,"column":0}}]},"5":{"loc":{"start":{"line":106,"column":0},"end":{"line":108,"column":0}},"type":"if","locations":[{"start":{"line":106,"column":0},"end":{"line":108,"column":0}},{"start":{"line":106,"column":0},"end":{"line":108,"column":0}}]}},"s":{"0":1,"1":3,"2":2,"3":2,"4":2,"5":2,"6":2,"7":1,"8":1,"9":1,"10":10,"11":10,"12":10,"13":1,"14":1,"15":1,"16":0,"17":2,"18":7,"19":2,"20":5,"21":17,"22":3,"23":14,"24":14,"25":17,"26":3,"27":14,"28":14},"f":{"0":6,"1":4},"b":{"0":[1,1],"1":[0,1],"2":[1,1],"3":[1,1],"4":[3,14],"5":[3,14]}}
}
