TN:
SF:/Users/angela/Dev/random-phone-number-generator/src/components/Generate.vue
FN:90,(anonymous_1)
FN:93,(anonymous_2)
FNF:2
FNH:2
FNDA:6,(anonymous_1)
FNDA:4,(anonymous_2)
DA:51,1
DA:55,3
DA:64,2
DA:68,2
DA:69,2
DA:70,2
DA:71,2
DA:72,1
DA:73,1
DA:75,1
DA:76,10
DA:79,10
DA:80,10
DA:82,1
DA:83,1
DA:84,1
DA:85,0
DA:89,2
DA:90,7
DA:92,2
DA:93,5
DA:99,17
DA:100,3
DA:102,14
DA:103,14
DA:106,17
DA:107,3
DA:109,14
DA:110,14
LF:29
LH:28
BRDA:71,0,0,1
BRDA:71,0,1,1
BRDA:84,1,0,0
BRDA:84,1,1,1
BRDA:89,2,0,1
BRDA:89,2,1,1
BRDA:92,3,0,1
BRDA:92,3,1,1
BRDA:99,4,0,3
BRDA:99,4,1,14
BRDA:106,5,0,3
BRDA:106,5,1,14
BRF:12
BRH:11
end_of_record
